<?xml version="1.0" encoding="UTF-8"?>
<!-- Generated by org.testng.reporters.JUnitReportReporter -->
<testsuite skipped="0" hostname="Rajendra" name="qsp3.Test_gmailusrnamandpasswrd" tests="1" failures="0" timestamp="2019-12-29T10:05:39 IST" time="24.446" errors="0">
  <testcase name="gusernam" time="24.446" classname="qsp3.Test_gmailusrnamandpasswrd"/>
</testsuite> <!-- qsp3.Test_gmailusrnamandpasswrd -->
