<?xml version="1.0" encoding="UTF-8"?>
<!-- Generated by org.testng.reporters.JUnitReportReporter -->
<testsuite skipped="0" hostname="Rajendra" name="qsp3.paral_exe" tests="2" failures="0" timestamp="2019-12-21T16:04:23 IST" time="41.433" errors="0">
  <testcase name="type_cast" time="19.496" classname="qsp3.paral_exe"/>
  <testcase name="type_cast" time="21.937" classname="qsp3.paral_exe"/>
</testsuite> <!-- qsp3.paral_exe -->
