<?xml version="1.0" encoding="UTF-8"?>
<!-- Generated by org.testng.reporters.JUnitReportReporter -->
<testsuite skipped="0" hostname="Rajendra" name="qsp.demo1" tests="4" failures="0" timestamp="2019-12-15T10:00:37 IST" time="0.050" errors="0">
  <testcase name="test4" time="0.006" classname="qsp.demo1"/>
  <testcase name="test2" time="0.030" classname="qsp.demo1"/>
  <testcase name="test2" time="0.009" classname="qsp.demo1"/>
  <testcase name="test1" time="0.005" classname="qsp.demo1"/>
</testsuite> <!-- qsp.demo1 -->
