<?xml version="1.0" encoding="UTF-8"?>
<!-- Generated by org.testng.reporters.JUnitReportReporter -->
<testsuite skipped="0" hostname="Rajendra" name="qsp3.Fbtestclass" tests="1" failures="0" timestamp="2019-12-22T12:12:35 IST" time="77.509" errors="0">
  <testcase name="fblogin" time="77.509" classname="qsp3.Fbtestclass"/>
</testsuite> <!-- qsp3.Fbtestclass -->
