<?xml version="1.0" encoding="UTF-8"?>
<!-- Generated by org.testng.reporters.JUnitReportReporter -->
<testsuite skipped="0" hostname="Rajendra" name="qsp3.parallel_exe" tests="1" failures="0" timestamp="2019-12-21T15:47:23 IST" time="0.031" errors="0">
  <testcase name="type_cast" time="0.031" classname="qsp3.parallel_exe"/>
</testsuite> <!-- qsp3.parallel_exe -->
