<?xml version="1.0" encoding="UTF-8"?>
<!-- Generated by org.testng.reporters.JUnitReportReporter -->
<testsuite skipped="0" hostname="Rajendra" name="qsp.demo2" tests="1" failures="0" timestamp="2019-12-14T11:21:10 IST" time="0.046" errors="0">
  <testcase name="test2" time="0.046" classname="qsp.demo2"/>
</testsuite> <!-- qsp.demo2 -->
